  HAL/S REL32V0                T I T A N  S Y S T E M S  C O R P .                 FEBRUARY 12, 2026    16:11:25.15     PAGE 1


   HAL/S COMPILER PHASE 1 -- VERSION OF JUNE 8, 2024.  CLOCK TIME = 21:14:0.00.


TODAY IS FEBRUARY 12, 2026.  CLOCK TIME = 16:11:25.15.
 
 PARM FIELD: SRN,LISTING2,HALMAT,NOTABLES


 COMPLETE LIST OF COMPILE-TIME OPTIONS IN EFFECT


       *** TYPE 1 OPTIONS ***
 
        NOADDRS
        NODECK
        NODUMP
          HALMAT
        NOHIGHOPT
          LFXI
        NOLIST
          LISTING2
          MICROCODE
        NOREGOPT
        NOSDL
        NOSREF
          SRN
        NOTABDMP
        NOTABLES
        NOTABLST
        NOTEMPLATE
        NOVARSYM
          ZCON


       *** TYPE 2 OPTIONS ***
 
       BLOCKSUM = 400
       CARDTYPE = 
       COMPUNIT = 0
            DSR = 1
      LABELSIZE = 1200
         LINECT = 59
     LITSTRINGS = 2000
      MACROSIZE = 500
           MFID = 
          PAGES = 2500
        SYMBOLS = 200
          TITLE = 
       XREFSIZE = 2000
 

 *** NO LANGUAGE SUBSET IN EFFECT ***
------------------------------------------------------------------------------------------------------------------------------------------------------
  HAL/S REL32V0                T I T A N  S Y S T E M S  C O R P .                 FEBRUARY 12, 2026    16:11:25.15     PAGE 2
   SRN STMT                                                                  SOURCE                                                                  REVISION



          1 M| TEST_CASE:                                                                                          |TEST_CASE
          1 M| PROGRAM;                                                                                            |TEST_CASE
          2 M|   DECLARE INTEGER,                                                                                  |TEST_CASE
          2 M|             SEL INITIAL(2),                                                                         |TEST_CASE
          2 M|             RESULT;                                                                                 |TEST_CASE
          3 M|   DO CASE SEL;                                                                                      |TEST_CASE
          4 M| 1   RESULT = 10;                                                                                    |CASE 1
          5 M| 1   RESULT = 20;                                                                                    |CASE 2
          6 M| 1   RESULT = 30;                                                                                    |CASE 3
          7 M|   END;                                                                                              |ST#3
          8 M|   WRITE(6) 'RESULT=', RESULT;                                                                       |TEST_CASE
          9 M| CLOSE TEST_CASE;                                                                                    |TEST_CASE
------------------------------------------------------------------------------------------------------------------------------------------------------
  HAL/S REL32V0                T I T A N  S Y S T E M S  C O R P .                 FEBRUARY 12, 2026    16:11:25.15     PAGE 3



**** C O M P I L A T I O N   L A Y O U T ****

 TEST_CASE: PROGRAM;  
------------------------------------------------------------------------------------------------------------------------------------------------------
  HAL/S REL32V0                T I T A N  S Y S T E M S  C O R P .                 FEBRUARY 12, 2026    16:11:25.15     PAGE 4



S Y M B O L  &  C R O S S   R E F E R E N C E   T A B L E   L I S T I N G :

         (CROSS REFERENCE FLAG KEY:  4 = ASSIGNMENT, 2 = REFERENCE, 1 = SUBSCRIPT USE, 0 = DEFINITION)

 DCL  NAME              TYPE                          ATTRIBUTES & CROSS REFERENCE
 
   2  RESULT      INTEGER                            SINGLE, ALIGNED, STATIC   XREF: 0 0002  4 0004  4 0005  4 0006  2 0008  
   2  SEL         INTEGER                            SINGLE, ALIGNED, STATIC, INITIAL  XREF: 0 0002  2 0003  
   1  TEST_CASE   PROGRAM                              XREF: 0 0001  


------------------------------------------------------------------------------------------------------------------------------------------------------
  HAL/S REL32V0                T I T A N  S Y S T E M S  C O R P .                 FEBRUARY 12, 2026    16:11:25.15     PAGE 5


       OPTIONAL TABLE SIZES

NAME       REQUESTED    USED
^^^^       ^^^^^^^^^    ^^^^
 
LITSTRINGS      2000       8
SYMBOLS          200       3
MACROSIZE        500       0
XREFSIZE        2000       8
BLOCKSUM         400       0


CALLS TO SCAN        = 45
CALLS TO IDENTIFY    = 9
NUMBER OF REDUCTIONS = 131
MAX STACK SIZE       = 7
MAX IND. STACK SIZE  = 4
END IND. STACK SIZE  = 1
END ARRAY STACK SIZE = 0
MAX EXT_ARRAY INDEX  = 1
STATEMENT COUNT      = 9
MINOR COMPACTIFIES   = 0
MAJOR COMPACTIFIES   = 0
REALLOCATIONS        = 0
MAX NESTING DEPTH    = 1


END OF HAL/S PHASE 1, FEBRUARY 12, 2026.  CLOCK TIME = 16:11:25.18.

11 CARDS WERE PROCESSED.
NO ERRORS WERE DETECTED DURING PHASE 1 .




TOTAL CPU TIME FOR PHASE 1      0:0:0.02.
CPU TIME FOR PHASE 1 SET UP     0:0:0.02.
CPU TIME FOR PHASE 1 PROCESSING 0:0:0.00.
CPU TIME FOR PHASE 1 CLEAN UP   0:0:0.00.

