  HAL/S REL32V0                T I T A N  S Y S T E M S  C O R P .                 FEBRUARY 12, 2026    16:11:24.48     PAGE 1


   HAL/S COMPILER PHASE 1 -- VERSION OF JUNE 8, 2024.  CLOCK TIME = 21:14:0.00.


TODAY IS FEBRUARY 12, 2026.  CLOCK TIME = 16:11:24.48.
 
 PARM FIELD: SRN,LISTING2,HALMAT,NOTABLES


 COMPLETE LIST OF COMPILE-TIME OPTIONS IN EFFECT


       *** TYPE 1 OPTIONS ***
 
        NOADDRS
        NODECK
        NODUMP
          HALMAT
        NOHIGHOPT
          LFXI
        NOLIST
          LISTING2
          MICROCODE
        NOREGOPT
        NOSDL
        NOSREF
          SRN
        NOTABDMP
        NOTABLES
        NOTABLST
        NOTEMPLATE
        NOVARSYM
          ZCON


       *** TYPE 2 OPTIONS ***
 
       BLOCKSUM = 400
       CARDTYPE = 
       COMPUNIT = 0
            DSR = 1
      LABELSIZE = 1200
         LINECT = 59
     LITSTRINGS = 2000
      MACROSIZE = 500
           MFID = 
          PAGES = 2500
        SYMBOLS = 200
          TITLE = 
       XREFSIZE = 2000
 

 *** NO LANGUAGE SUBSET IN EFFECT ***
------------------------------------------------------------------------------------------------------------------------------------------------------
  HAL/S REL32V0                T I T A N  S Y S T E M S  C O R P .                 FEBRUARY 12, 2026    16:11:24.48     PAGE 2
   SRN STMT                                                                  SOURCE                                                                  REVISION



          1 M| TEST_IFELSE:                                                                                        |TEST_IFELSE
          1 M| PROGRAM;                                                                                            |TEST_IFELSE
          2 M|   DECLARE INTEGER,                                                                                  |TEST_IFELSE
          2 M|             A INITIAL(5),                                                                           |TEST_IFELSE
          2 M|             B INITIAL(3),                                                                           |TEST_IFELSE
          2 M|             C;                                                                                      |TEST_IFELSE
          3 M|   IF A > B THEN                                                                                     |TEST_IFELSE
          4 M|     C = A;                                                                                          |TEST_IFELSE
          5 M|   ELSE                                                                                              |TEST_IFELSE
          5 M|     C = B;                                                                                          |TEST_IFELSE
          6 M|   IF C = 5 THEN                                                                                     |TEST_IFELSE
          7 M|     WRITE(6) 'C IS FIVE';                                                                           |TEST_IFELSE
          8 M|   WRITE(6) 'DONE';                                                                                  |TEST_IFELSE
          9 M| CLOSE TEST_IFELSE;                                                                                  |TEST_IFELSE
------------------------------------------------------------------------------------------------------------------------------------------------------
  HAL/S REL32V0                T I T A N  S Y S T E M S  C O R P .                 FEBRUARY 12, 2026    16:11:24.48     PAGE 3



**** C O M P I L A T I O N   L A Y O U T ****

 TEST_IFELSE: PROGRAM;  
------------------------------------------------------------------------------------------------------------------------------------------------------
  HAL/S REL32V0                T I T A N  S Y S T E M S  C O R P .                 FEBRUARY 12, 2026    16:11:24.48     PAGE 4



S Y M B O L  &  C R O S S   R E F E R E N C E   T A B L E   L I S T I N G :

         (CROSS REFERENCE FLAG KEY:  4 = ASSIGNMENT, 2 = REFERENCE, 1 = SUBSCRIPT USE, 0 = DEFINITION)

 DCL  NAME                TYPE                          ATTRIBUTES & CROSS REFERENCE
 
   2  A             INTEGER                            SINGLE, ALIGNED, STATIC, INITIAL  XREF: 0 0002  2 0003  2 0004  
   2  B             INTEGER                            SINGLE, ALIGNED, STATIC, INITIAL  XREF: 0 0002  2 0003  2 0005  
   2  C             INTEGER                            SINGLE, ALIGNED, STATIC   XREF: 0 0002  4 0004  4 0005  2 0006  
   1  TEST_IFELSE   PROGRAM                              XREF: 0 0001  


------------------------------------------------------------------------------------------------------------------------------------------------------
  HAL/S REL32V0                T I T A N  S Y S T E M S  C O R P .                 FEBRUARY 12, 2026    16:11:24.48     PAGE 5


       OPTIONAL TABLE SIZES

NAME       REQUESTED    USED
^^^^       ^^^^^^^^^    ^^^^
 
LITSTRINGS      2000      15
SYMBOLS          200       4
MACROSIZE        500       0
XREFSIZE        2000      11
BLOCKSUM         400       0


CALLS TO SCAN        = 56
CALLS TO IDENTIFY    = 12
NUMBER OF REDUCTIONS = 169
MAX STACK SIZE       = 8
MAX IND. STACK SIZE  = 4
END IND. STACK SIZE  = 1
END ARRAY STACK SIZE = 0
MAX EXT_ARRAY INDEX  = 1
STATEMENT COUNT      = 9
MINOR COMPACTIFIES   = 0
MAJOR COMPACTIFIES   = 0
REALLOCATIONS        = 0
MAX NESTING DEPTH    = 1


END OF HAL/S PHASE 1, FEBRUARY 12, 2026.  CLOCK TIME = 16:11:24.50.

12 CARDS WERE PROCESSED.
NO ERRORS WERE DETECTED DURING PHASE 1 .




TOTAL CPU TIME FOR PHASE 1      0:0:0.02.
CPU TIME FOR PHASE 1 SET UP     0:0:0.01.
CPU TIME FOR PHASE 1 PROCESSING 0:0:0.01.
CPU TIME FOR PHASE 1 CLEAN UP   0:0:0.00.
PROCESSING RATE: 72000 CARDS PER MINUTE.

