  HAL/S REL32V0                T I T A N  S Y S T E M S  C O R P .                 FEBRUARY 12, 2026    16:32:14.41     PAGE 1


   HAL/S COMPILER PHASE 1 -- VERSION OF JUNE 8, 2024.  CLOCK TIME = 21:14:0.00.


TODAY IS FEBRUARY 12, 2026.  CLOCK TIME = 16:32:14.41.
 
 PARM FIELD: SRN,LISTING2,HALMAT,NOTABLES


 COMPLETE LIST OF COMPILE-TIME OPTIONS IN EFFECT


       *** TYPE 1 OPTIONS ***
 
        NOADDRS
        NODECK
        NODUMP
          HALMAT
        NOHIGHOPT
          LFXI
        NOLIST
          LISTING2
          MICROCODE
        NOREGOPT
        NOSDL
        NOSREF
          SRN
        NOTABDMP
        NOTABLES
        NOTABLST
        NOTEMPLATE
        NOVARSYM
          ZCON


       *** TYPE 2 OPTIONS ***
 
       BLOCKSUM = 400
       CARDTYPE = 
       COMPUNIT = 0
            DSR = 1
      LABELSIZE = 1200
         LINECT = 59
     LITSTRINGS = 2000
      MACROSIZE = 500
           MFID = 
          PAGES = 2500
        SYMBOLS = 200
          TITLE = 
       XREFSIZE = 2000
 

 *** NO LANGUAGE SUBSET IN EFFECT ***
------------------------------------------------------------------------------------------------------------------------------------------------------
  HAL/S REL32V0                T I T A N  S Y S T E M S  C O R P .                 FEBRUARY 12, 2026    16:32:14.41     PAGE 2
   SRN STMT                                                                  SOURCE                                                                  REVISION



          1 M| TEST_DISCRETE:                                                                                      |TEST_DISCRETE
          1 M| PROGRAM;                                                                                            |TEST_DISCRETE
          2 M|   DECLARE INTEGER,                                                                                  |TEST_DISCRETE
          2 M|             I,                                                                                      |TEST_DISCRETE
          2 M|             RESULT INITIAL(0);                                                                      |TEST_DISCRETE
          3 M|   DO FOR I = 3, 7, 11, 42;                                                                          |TEST_DISCRETE
          4 M| 1   RESULT = RESULT + I;                                                                            |TEST_DISCRETE
          5 M|   END;                                                                                              |ST#3
          6 M|   WRITE(6) 'RESULT=', RESULT;                                                                       |TEST_DISCRETE
          7 M| CLOSE TEST_DISCRETE;                                                                                |TEST_DISCRETE
------------------------------------------------------------------------------------------------------------------------------------------------------
  HAL/S REL32V0                T I T A N  S Y S T E M S  C O R P .                 FEBRUARY 12, 2026    16:32:14.41     PAGE 3



**** C O M P I L A T I O N   L A Y O U T ****

 TEST_DISCRETE: PROGRAM;  
------------------------------------------------------------------------------------------------------------------------------------------------------
  HAL/S REL32V0                T I T A N  S Y S T E M S  C O R P .                 FEBRUARY 12, 2026    16:32:14.41     PAGE 4



S Y M B O L  &  C R O S S   R E F E R E N C E   T A B L E   L I S T I N G :

         (CROSS REFERENCE FLAG KEY:  4 = ASSIGNMENT, 2 = REFERENCE, 1 = SUBSCRIPT USE, 0 = DEFINITION)

 DCL  NAME                  TYPE                          ATTRIBUTES & CROSS REFERENCE
 
   2  I               INTEGER                            SINGLE, ALIGNED, STATIC   XREF: 0 0002  4 0003  2 0004  
   2  RESULT          INTEGER                            SINGLE, ALIGNED, STATIC, INITIAL  XREF: 0 0002  6 0004  2 0006  
   1  TEST_DISCRETE   PROGRAM                              XREF: 0 0001  


------------------------------------------------------------------------------------------------------------------------------------------------------
  HAL/S REL32V0                T I T A N  S Y S T E M S  C O R P .                 FEBRUARY 12, 2026    16:32:14.41     PAGE 5


       OPTIONAL TABLE SIZES

NAME       REQUESTED    USED
^^^^       ^^^^^^^^^    ^^^^
 
LITSTRINGS      2000       8
SYMBOLS          200       3
MACROSIZE        500       0
XREFSIZE        2000       7
BLOCKSUM         400       0


CALLS TO SCAN        = 47
CALLS TO IDENTIFY    = 9
NUMBER OF REDUCTIONS = 133
MAX STACK SIZE       = 9
MAX IND. STACK SIZE  = 5
END IND. STACK SIZE  = 1
END ARRAY STACK SIZE = 0
MAX EXT_ARRAY INDEX  = 1
STATEMENT COUNT      = 7
MINOR COMPACTIFIES   = 0
MAJOR COMPACTIFIES   = 0
REALLOCATIONS        = 0
MAX NESTING DEPTH    = 1


END OF HAL/S PHASE 1, FEBRUARY 12, 2026.  CLOCK TIME = 16:32:14.43.

8 CARDS WERE PROCESSED.
NO ERRORS WERE DETECTED DURING PHASE 1 .




TOTAL CPU TIME FOR PHASE 1      0:0:0.02.
CPU TIME FOR PHASE 1 SET UP     0:0:0.01.
CPU TIME FOR PHASE 1 PROCESSING 0:0:0.01.
CPU TIME FOR PHASE 1 CLEAN UP   0:0:0.00.
PROCESSING RATE: 48000 CARDS PER MINUTE.

