  HAL/S REL32V0                T I T A N  S Y S T E M S  C O R P .                 FEBRUARY 12, 2026    16:11:24.80     PAGE 1


   HAL/S COMPILER PHASE 1 -- VERSION OF JUNE 8, 2024.  CLOCK TIME = 21:14:0.00.


TODAY IS FEBRUARY 12, 2026.  CLOCK TIME = 16:11:24.80.
 
 PARM FIELD: SRN,LISTING2,HALMAT,NOTABLES


 COMPLETE LIST OF COMPILE-TIME OPTIONS IN EFFECT


       *** TYPE 1 OPTIONS ***
 
        NOADDRS
        NODECK
        NODUMP
          HALMAT
        NOHIGHOPT
          LFXI
        NOLIST
          LISTING2
          MICROCODE
        NOREGOPT
        NOSDL
        NOSREF
          SRN
        NOTABDMP
        NOTABLES
        NOTABLST
        NOTEMPLATE
        NOVARSYM
          ZCON


       *** TYPE 2 OPTIONS ***
 
       BLOCKSUM = 400
       CARDTYPE = 
       COMPUNIT = 0
            DSR = 1
      LABELSIZE = 1200
         LINECT = 59
     LITSTRINGS = 2000
      MACROSIZE = 500
           MFID = 
          PAGES = 2500
        SYMBOLS = 200
          TITLE = 
       XREFSIZE = 2000
 

 *** NO LANGUAGE SUBSET IN EFFECT ***
------------------------------------------------------------------------------------------------------------------------------------------------------
  HAL/S REL32V0                T I T A N  S Y S T E M S  C O R P .                 FEBRUARY 12, 2026    16:11:24.80     PAGE 2
   SRN STMT                                                                  SOURCE                                                                  REVISION



          1 M| TEST_WHILE:                                                                                         |TEST_WHILE
          1 M| PROGRAM;                                                                                            |TEST_WHILE
          2 M|   DECLARE INTEGER,                                                                                  |TEST_WHILE
          2 M|             I INITIAL(0),                                                                           |TEST_WHILE
          2 M|             J INITIAL(10),                                                                          |TEST_WHILE
          2 M|             TOTAL INITIAL(0);                                                                       |TEST_WHILE
          3 M|   DO WHILE I < 10;                                                                                  |TEST_WHILE
          4 M| 1   TOTAL = TOTAL + I;                                                                              |TEST_WHILE
          5 M| 1   I = I + 1;                                                                                      |TEST_WHILE
          6 M|   END;                                                                                              |ST#3
          7 M|   DO UNTIL J = 0;                                                                                   |TEST_WHILE
          8 M| 1   J = J - 1;                                                                                      |TEST_WHILE
          9 M|   END;                                                                                              |ST#7
         10 M|   WRITE(6) 'TOTAL=', TOTAL;                                                                         |TEST_WHILE
         11 M| CLOSE TEST_WHILE;                                                                                   |TEST_WHILE
------------------------------------------------------------------------------------------------------------------------------------------------------
  HAL/S REL32V0                T I T A N  S Y S T E M S  C O R P .                 FEBRUARY 12, 2026    16:11:24.80     PAGE 3



**** C O M P I L A T I O N   L A Y O U T ****

 TEST_WHILE: PROGRAM;  
------------------------------------------------------------------------------------------------------------------------------------------------------
  HAL/S REL32V0                T I T A N  S Y S T E M S  C O R P .                 FEBRUARY 12, 2026    16:11:24.80     PAGE 4



S Y M B O L  &  C R O S S   R E F E R E N C E   T A B L E   L I S T I N G :

         (CROSS REFERENCE FLAG KEY:  4 = ASSIGNMENT, 2 = REFERENCE, 1 = SUBSCRIPT USE, 0 = DEFINITION)

 DCL  NAME               TYPE                          ATTRIBUTES & CROSS REFERENCE
 
   2  I            INTEGER                            SINGLE, ALIGNED, STATIC, INITIAL  XREF: 0 0002  2 0003  2 0004  6 0005  
   2  J            INTEGER                            SINGLE, ALIGNED, STATIC, INITIAL  XREF: 0 0002  2 0007  6 0008  
   1  TEST_WHILE   PROGRAM                              XREF: 0 0001  
   2  TOTAL        INTEGER                            SINGLE, ALIGNED, STATIC, INITIAL  XREF: 0 0002  6 0004  2 0010  


------------------------------------------------------------------------------------------------------------------------------------------------------
  HAL/S REL32V0                T I T A N  S Y S T E M S  C O R P .                 FEBRUARY 12, 2026    16:11:24.80     PAGE 5


       OPTIONAL TABLE SIZES

NAME       REQUESTED    USED
^^^^       ^^^^^^^^^    ^^^^
 
LITSTRINGS      2000       7
SYMBOLS          200       4
MACROSIZE        500       0
XREFSIZE        2000      11
BLOCKSUM         400       0


CALLS TO SCAN        = 71
CALLS TO IDENTIFY    = 15
NUMBER OF REDUCTIONS = 230
MAX STACK SIZE       = 9
MAX IND. STACK SIZE  = 5
END IND. STACK SIZE  = 1
END ARRAY STACK SIZE = 0
MAX EXT_ARRAY INDEX  = 1
STATEMENT COUNT      = 11
MINOR COMPACTIFIES   = 0
MAJOR COMPACTIFIES   = 0
REALLOCATIONS        = 0
MAX NESTING DEPTH    = 1


END OF HAL/S PHASE 1, FEBRUARY 12, 2026.  CLOCK TIME = 16:11:24.83.

13 CARDS WERE PROCESSED.
NO ERRORS WERE DETECTED DURING PHASE 1 .




TOTAL CPU TIME FOR PHASE 1      0:0:0.02.
CPU TIME FOR PHASE 1 SET UP     0:0:0.02.
CPU TIME FOR PHASE 1 PROCESSING 0:0:0.00.
CPU TIME FOR PHASE 1 CLEAN UP   0:0:0.00.

