  HAL/S REL32V0                T I T A N  S Y S T E M S  C O R P .                 FEBRUARY 12, 2026    16:32:15.16     PAGE 1


   HAL/S COMPILER PHASE 1 -- VERSION OF JUNE 8, 2024.  CLOCK TIME = 21:14:0.00.


TODAY IS FEBRUARY 12, 2026.  CLOCK TIME = 16:32:15.16.
 
 PARM FIELD: SRN,LISTING2,HALMAT,NOTABLES


 COMPLETE LIST OF COMPILE-TIME OPTIONS IN EFFECT


       *** TYPE 1 OPTIONS ***
 
        NOADDRS
        NODECK
        NODUMP
          HALMAT
        NOHIGHOPT
          LFXI
        NOLIST
          LISTING2
          MICROCODE
        NOREGOPT
        NOSDL
        NOSREF
          SRN
        NOTABDMP
        NOTABLES
        NOTABLST
        NOTEMPLATE
        NOVARSYM
          ZCON


       *** TYPE 2 OPTIONS ***
 
       BLOCKSUM = 400
       CARDTYPE = 
       COMPUNIT = 0
            DSR = 1
      LABELSIZE = 1200
         LINECT = 59
     LITSTRINGS = 2000
      MACROSIZE = 500
           MFID = 
          PAGES = 2500
        SYMBOLS = 200
          TITLE = 
       XREFSIZE = 2000
 

 *** NO LANGUAGE SUBSET IN EFFECT ***
------------------------------------------------------------------------------------------------------------------------------------------------------
  HAL/S REL32V0                T I T A N  S Y S T E M S  C O R P .                 FEBRUARY 12, 2026    16:32:15.16     PAGE 2
   SRN STMT                                                                  SOURCE                                                                  REVISION



          1 M| TEST_NESTED:                                                                                        |TEST_NESTED
          1 M| PROGRAM;                                                                                            |TEST_NESTED
          2 M|   DECLARE INTEGER,                                                                                  |TEST_NESTED
          2 M|             I,                                                                                      |TEST_NESTED
          2 M|             J INITIAL(0),                                                                           |TEST_NESTED
          2 M|             K INITIAL(0);                                                                           |TEST_NESTED
          3 M|   DO WHILE J < 100;                                                                                 |TEST_NESTED
          4 M| 1   DO FOR I = 1 TO 10;                                                                             |TEST_NESTED
          5 M| 2     IF I > 5 THEN                                                                                 |TEST_NESTED
          6 M| 2       K = K + 1;                                                                                  |TEST_NESTED
          7 M| 2     ELSE                                                                                          |TEST_NESTED
          7 M| 2       K = K + 2;                                                                                  |TEST_NESTED
          8 M| 1   END;                                                                                            |ST#4
          9 M| 1   J = J + 10;                                                                                     |TEST_NESTED
         10 M|   END;                                                                                              |ST#3
         11 M|   WRITE(6) 'K=', K;                                                                                 |TEST_NESTED
         12 M| CLOSE TEST_NESTED;                                                                                  |TEST_NESTED
------------------------------------------------------------------------------------------------------------------------------------------------------
  HAL/S REL32V0                T I T A N  S Y S T E M S  C O R P .                 FEBRUARY 12, 2026    16:32:15.16     PAGE 3



**** C O M P I L A T I O N   L A Y O U T ****

 TEST_NESTED: PROGRAM;  
------------------------------------------------------------------------------------------------------------------------------------------------------
  HAL/S REL32V0                T I T A N  S Y S T E M S  C O R P .                 FEBRUARY 12, 2026    16:32:15.16     PAGE 4



S Y M B O L  &  C R O S S   R E F E R E N C E   T A B L E   L I S T I N G :

         (CROSS REFERENCE FLAG KEY:  4 = ASSIGNMENT, 2 = REFERENCE, 1 = SUBSCRIPT USE, 0 = DEFINITION)

 DCL  NAME                TYPE                          ATTRIBUTES & CROSS REFERENCE
 
   2  I             INTEGER                            SINGLE, ALIGNED, STATIC   XREF: 0 0002  4 0004  2 0005  
   2  J             INTEGER                            SINGLE, ALIGNED, STATIC, INITIAL  XREF: 0 0002  2 0003  6 0009  
   2  K             INTEGER                            SINGLE, ALIGNED, STATIC, INITIAL  XREF: 0 0002  6 0006  6 0007  2 0011  
   1  TEST_NESTED   PROGRAM                              XREF: 0 0001  


------------------------------------------------------------------------------------------------------------------------------------------------------
  HAL/S REL32V0                T I T A N  S Y S T E M S  C O R P .                 FEBRUARY 12, 2026    16:32:15.16     PAGE 5


       OPTIONAL TABLE SIZES

NAME       REQUESTED    USED
^^^^       ^^^^^^^^^    ^^^^
 
LITSTRINGS      2000       3
SYMBOLS          200       4
MACROSIZE        500       0
XREFSIZE        2000      11
BLOCKSUM         400       0


CALLS TO SCAN        = 75
CALLS TO IDENTIFY    = 15
NUMBER OF REDUCTIONS = 236
MAX STACK SIZE       = 9
MAX IND. STACK SIZE  = 4
END IND. STACK SIZE  = 1
END ARRAY STACK SIZE = 0
MAX EXT_ARRAY INDEX  = 1
STATEMENT COUNT      = 12
MINOR COMPACTIFIES   = 0
MAJOR COMPACTIFIES   = 0
REALLOCATIONS        = 0
MAX NESTING DEPTH    = 1


END OF HAL/S PHASE 1, FEBRUARY 12, 2026.  CLOCK TIME = 16:32:15.18.

14 CARDS WERE PROCESSED.
NO ERRORS WERE DETECTED DURING PHASE 1 .




TOTAL CPU TIME FOR PHASE 1      0:0:0.03.
CPU TIME FOR PHASE 1 SET UP     0:0:0.02.
CPU TIME FOR PHASE 1 PROCESSING 0:0:0.00.
CPU TIME FOR PHASE 1 CLEAN UP   0:0:0.01.

